<?xml version="1.0" encoding="UTF-8"?>
<!-- Generated by org.testng.reporters.JUnitXMLReporter -->
<testsuite ignored="54" hostname="DESKTOP-T6L47BI" failures="0" tests="16" name="Test(failed)(failed)(failed)(failed)" time="25.537" errors="0" timestamp="2024-08-16T18:56:59 IST">
  <testcase classname="live_functions.A_testClass_dailyCheckPointList" name="@BeforeMethod backToHomePage" time="3.411">
    <failure type="org.openqa.selenium.StaleElementReferenceException" message="stale element reference: stale element not found
  (Session info: chrome=127.0.6533.120)
For documentation on this error, please visit: https://www.selenium.dev/documentation/webdriver/troubleshooting/errors#stale-element-reference-exception
Build info: version: &amp;apos;4.17.0&amp;apos;, revision: &amp;apos;e52b1be057*&amp;apos;
System info: os.name: &amp;apos;Windows 11&amp;apos;, os.arch: &amp;apos;amd64&amp;apos;, os.version: &amp;apos;10.0&amp;apos;, java.version: &amp;apos;17.0.9&amp;apos;
Driver info: org.openqa.selenium.chrome.ChromeDriver
Command: [7d9d0ac8b069db8522bb820c0891bee1, clickElement {id=f.BFDBA98C49F86CB65F8CCEC8AFCE17FF.d.236C5EC3C098B33BA897583AF6ED9094.e.29}]
Capabilities {acceptInsecureCerts: false, browserName: chrome, browserVersion: 127.0.6533.120, chrome: {chromedriverVersion: 127.0.6533.119 (bdef6783a05..., userDataDir: C:\Users\BHUPESH\AppData\Lo...}, fedcm:accounts: true, goog:chromeOptions: {debuggerAddress: localhost:62907}, networkConnectionEnabled: false, pageLoadStrategy: normal, platformName: windows, proxy: Proxy(), se:cdp: ws://localhost:62907/devtoo..., se:cdpVersion: 127.0.6533.120, setWindowRect: true, strictFileInteractability: false, timeouts: {implicit: 0, pageLoad: 300000, script: 30000}, unhandledPromptBehavior: dismiss and notify, webauthn:extension:credBlob: true, webauthn:extension:largeBlob: true, webauthn:extension:minPinLength: true, webauthn:extension:prf: true, webauthn:virtualAuthenticators: true}
Element: [[ChromeDriver: chrome on windows (7d9d0ac8b069db8522bb820c0891bee1)] -&amp;gt; xpath: //img[@src=&amp;quot;/img/logoicon.png&amp;quot;]]
Session ID: 7d9d0ac8b069db8522bb820c0891bee1">
      <![CDATA[org.openqa.selenium.StaleElementReferenceException: stale element reference: stale element not found
  (Session info: chrome=127.0.6533.120)
For documentation on this error, please visit: https://www.selenium.dev/documentation/webdriver/troubleshooting/errors#stale-element-reference-exception
Build info: version: '4.17.0', revision: 'e52b1be057*'
System info: os.name: 'Windows 11', os.arch: 'amd64', os.version: '10.0', java.version: '17.0.9'
Driver info: org.openqa.selenium.chrome.ChromeDriver
Command: [7d9d0ac8b069db8522bb820c0891bee1, clickElement {id=f.BFDBA98C49F86CB65F8CCEC8AFCE17FF.d.236C5EC3C098B33BA897583AF6ED9094.e.29}]
Capabilities {acceptInsecureCerts: false, browserName: chrome, browserVersion: 127.0.6533.120, chrome: {chromedriverVersion: 127.0.6533.119 (bdef6783a05..., userDataDir: C:\Users\BHUPESH\AppData\Lo...}, fedcm:accounts: true, goog:chromeOptions: {debuggerAddress: localhost:62907}, networkConnectionEnabled: false, pageLoadStrategy: normal, platformName: windows, proxy: Proxy(), se:cdp: ws://localhost:62907/devtoo..., se:cdpVersion: 127.0.6533.120, setWindowRect: true, strictFileInteractability: false, timeouts: {implicit: 0, pageLoad: 300000, script: 30000}, unhandledPromptBehavior: dismiss and notify, webauthn:extension:credBlob: true, webauthn:extension:largeBlob: true, webauthn:extension:minPinLength: true, webauthn:extension:prf: true, webauthn:virtualAuthenticators: true}
Element: [[ChromeDriver: chrome on windows (7d9d0ac8b069db8522bb820c0891bee1)] -> xpath: //img[@src="/img/logoicon.png"]]
Session ID: 7d9d0ac8b069db8522bb820c0891bee1
at org.openqa.selenium.remote.codec.w3c.W3CHttpResponseCodec.createException(W3CHttpResponseCodec.java:185)
at org.openqa.selenium.remote.codec.w3c.W3CHttpResponseCodec.decode(W3CHttpResponseCodec.java:134)
at org.openqa.selenium.remote.codec.w3c.W3CHttpResponseCodec.decode(W3CHttpResponseCodec.java:51)
at org.openqa.selenium.remote.HttpCommandExecutor.execute(HttpCommandExecutor.java:190)
at org.openqa.selenium.remote.service.DriverCommandExecutor.invokeExecute(DriverCommandExecutor.java:216)
at org.openqa.selenium.remote.service.DriverCommandExecutor.execute(DriverCommandExecutor.java:174)
at org.openqa.selenium.remote.RemoteWebDriver.execute(RemoteWebDriver.java:519)
at org.openqa.selenium.remote.RemoteWebElement.execute(RemoteWebElement.java:223)
at org.openqa.selenium.remote.RemoteWebElement.click(RemoteWebElement.java:76)
at org.openqa.selenium.support.pagefactory.internal.LocatingElementHandler.invoke(LocatingElementHandler.java:51)
at jdk.proxy2/jdk.proxy2.$Proxy14.click(Unknown Source)
at live_functions.D_homePage.backToHomePage(D_homePage.java:35)
at live_functions.A_testClass_dailyCheckPointList.backToHomePage(A_testClass_dailyCheckPointList.java:197)
at java.base/java.util.concurrent.FutureTask.run(FutureTask.java:264)
at java.base/java.util.concurrent.ThreadPoolExecutor.runWorker(ThreadPoolExecutor.java:1136)
at java.base/java.util.concurrent.ThreadPoolExecutor$Worker.run(ThreadPoolExecutor.java:635)
at java.base/java.lang.Thread.run(Thread.java:840)
... Removed 26 stack frames]]>
    </failure>
  </testcase> <!-- @BeforeMethod backToHomePage -->
  <testcase classname="live_functions.A_testClass_dailyCheckPointList" name="@BeforeMethod backToHomePage" time="3.414">
    <failure type="org.openqa.selenium.StaleElementReferenceException" message="stale element reference: stale element not found
  (Session info: chrome=127.0.6533.120)
For documentation on this error, please visit: https://www.selenium.dev/documentation/webdriver/troubleshooting/errors#stale-element-reference-exception
Build info: version: &amp;apos;4.17.0&amp;apos;, revision: &amp;apos;e52b1be057*&amp;apos;
System info: os.name: &amp;apos;Windows 11&amp;apos;, os.arch: &amp;apos;amd64&amp;apos;, os.version: &amp;apos;10.0&amp;apos;, java.version: &amp;apos;17.0.9&amp;apos;
Driver info: org.openqa.selenium.chrome.ChromeDriver
Command: [7d9d0ac8b069db8522bb820c0891bee1, clickElement {id=f.BFDBA98C49F86CB65F8CCEC8AFCE17FF.d.236C5EC3C098B33BA897583AF6ED9094.e.29}]
Capabilities {acceptInsecureCerts: false, browserName: chrome, browserVersion: 127.0.6533.120, chrome: {chromedriverVersion: 127.0.6533.119 (bdef6783a05..., userDataDir: C:\Users\BHUPESH\AppData\Lo...}, fedcm:accounts: true, goog:chromeOptions: {debuggerAddress: localhost:62907}, networkConnectionEnabled: false, pageLoadStrategy: normal, platformName: windows, proxy: Proxy(), se:cdp: ws://localhost:62907/devtoo..., se:cdpVersion: 127.0.6533.120, setWindowRect: true, strictFileInteractability: false, timeouts: {implicit: 0, pageLoad: 300000, script: 30000}, unhandledPromptBehavior: dismiss and notify, webauthn:extension:credBlob: true, webauthn:extension:largeBlob: true, webauthn:extension:minPinLength: true, webauthn:extension:prf: true, webauthn:virtualAuthenticators: true}
Element: [[ChromeDriver: chrome on windows (7d9d0ac8b069db8522bb820c0891bee1)] -&amp;gt; xpath: //img[@src=&amp;quot;/img/logoicon.png&amp;quot;]]
Session ID: 7d9d0ac8b069db8522bb820c0891bee1">
      <![CDATA[org.openqa.selenium.StaleElementReferenceException: stale element reference: stale element not found
  (Session info: chrome=127.0.6533.120)
For documentation on this error, please visit: https://www.selenium.dev/documentation/webdriver/troubleshooting/errors#stale-element-reference-exception
Build info: version: '4.17.0', revision: 'e52b1be057*'
System info: os.name: 'Windows 11', os.arch: 'amd64', os.version: '10.0', java.version: '17.0.9'
Driver info: org.openqa.selenium.chrome.ChromeDriver
Command: [7d9d0ac8b069db8522bb820c0891bee1, clickElement {id=f.BFDBA98C49F86CB65F8CCEC8AFCE17FF.d.236C5EC3C098B33BA897583AF6ED9094.e.29}]
Capabilities {acceptInsecureCerts: false, browserName: chrome, browserVersion: 127.0.6533.120, chrome: {chromedriverVersion: 127.0.6533.119 (bdef6783a05..., userDataDir: C:\Users\BHUPESH\AppData\Lo...}, fedcm:accounts: true, goog:chromeOptions: {debuggerAddress: localhost:62907}, networkConnectionEnabled: false, pageLoadStrategy: normal, platformName: windows, proxy: Proxy(), se:cdp: ws://localhost:62907/devtoo..., se:cdpVersion: 127.0.6533.120, setWindowRect: true, strictFileInteractability: false, timeouts: {implicit: 0, pageLoad: 300000, script: 30000}, unhandledPromptBehavior: dismiss and notify, webauthn:extension:credBlob: true, webauthn:extension:largeBlob: true, webauthn:extension:minPinLength: true, webauthn:extension:prf: true, webauthn:virtualAuthenticators: true}
Element: [[ChromeDriver: chrome on windows (7d9d0ac8b069db8522bb820c0891bee1)] -> xpath: //img[@src="/img/logoicon.png"]]
Session ID: 7d9d0ac8b069db8522bb820c0891bee1
at org.openqa.selenium.remote.codec.w3c.W3CHttpResponseCodec.createException(W3CHttpResponseCodec.java:185)
at org.openqa.selenium.remote.codec.w3c.W3CHttpResponseCodec.decode(W3CHttpResponseCodec.java:134)
at org.openqa.selenium.remote.codec.w3c.W3CHttpResponseCodec.decode(W3CHttpResponseCodec.java:51)
at org.openqa.selenium.remote.HttpCommandExecutor.execute(HttpCommandExecutor.java:190)
at org.openqa.selenium.remote.service.DriverCommandExecutor.invokeExecute(DriverCommandExecutor.java:216)
at org.openqa.selenium.remote.service.DriverCommandExecutor.execute(DriverCommandExecutor.java:174)
at org.openqa.selenium.remote.RemoteWebDriver.execute(RemoteWebDriver.java:519)
at org.openqa.selenium.remote.RemoteWebElement.execute(RemoteWebElement.java:223)
at org.openqa.selenium.remote.RemoteWebElement.click(RemoteWebElement.java:76)
at org.openqa.selenium.support.pagefactory.internal.LocatingElementHandler.invoke(LocatingElementHandler.java:51)
at jdk.proxy2/jdk.proxy2.$Proxy14.click(Unknown Source)
at live_functions.D_homePage.backToHomePage(D_homePage.java:35)
at live_functions.A_testClass_dailyCheckPointList.backToHomePage(A_testClass_dailyCheckPointList.java:197)
at java.base/java.util.concurrent.FutureTask.run(FutureTask.java:264)
at java.base/java.util.concurrent.ThreadPoolExecutor.runWorker(ThreadPoolExecutor.java:1136)
at java.base/java.util.concurrent.ThreadPoolExecutor$Worker.run(ThreadPoolExecutor.java:635)
at java.base/java.lang.Thread.run(Thread.java:840)
... Removed 26 stack frames]]>
    </failure>
  </testcase> <!-- @BeforeMethod backToHomePage -->
  <testcase classname="live_functions.A_testClass_dailyCheckPointList" name="@BeforeMethod backToHomePage" time="3.411">
    <failure type="org.openqa.selenium.StaleElementReferenceException" message="stale element reference: stale element not found
  (Session info: chrome=127.0.6533.120)
For documentation on this error, please visit: https://www.selenium.dev/documentation/webdriver/troubleshooting/errors#stale-element-reference-exception
Build info: version: &amp;apos;4.17.0&amp;apos;, revision: &amp;apos;e52b1be057*&amp;apos;
System info: os.name: &amp;apos;Windows 11&amp;apos;, os.arch: &amp;apos;amd64&amp;apos;, os.version: &amp;apos;10.0&amp;apos;, java.version: &amp;apos;17.0.9&amp;apos;
Driver info: org.openqa.selenium.chrome.ChromeDriver
Command: [7d9d0ac8b069db8522bb820c0891bee1, clickElement {id=f.BFDBA98C49F86CB65F8CCEC8AFCE17FF.d.236C5EC3C098B33BA897583AF6ED9094.e.29}]
Capabilities {acceptInsecureCerts: false, browserName: chrome, browserVersion: 127.0.6533.120, chrome: {chromedriverVersion: 127.0.6533.119 (bdef6783a05..., userDataDir: C:\Users\BHUPESH\AppData\Lo...}, fedcm:accounts: true, goog:chromeOptions: {debuggerAddress: localhost:62907}, networkConnectionEnabled: false, pageLoadStrategy: normal, platformName: windows, proxy: Proxy(), se:cdp: ws://localhost:62907/devtoo..., se:cdpVersion: 127.0.6533.120, setWindowRect: true, strictFileInteractability: false, timeouts: {implicit: 0, pageLoad: 300000, script: 30000}, unhandledPromptBehavior: dismiss and notify, webauthn:extension:credBlob: true, webauthn:extension:largeBlob: true, webauthn:extension:minPinLength: true, webauthn:extension:prf: true, webauthn:virtualAuthenticators: true}
Element: [[ChromeDriver: chrome on windows (7d9d0ac8b069db8522bb820c0891bee1)] -&amp;gt; xpath: //img[@src=&amp;quot;/img/logoicon.png&amp;quot;]]
Session ID: 7d9d0ac8b069db8522bb820c0891bee1">
      <![CDATA[org.openqa.selenium.StaleElementReferenceException: stale element reference: stale element not found
  (Session info: chrome=127.0.6533.120)
For documentation on this error, please visit: https://www.selenium.dev/documentation/webdriver/troubleshooting/errors#stale-element-reference-exception
Build info: version: '4.17.0', revision: 'e52b1be057*'
System info: os.name: 'Windows 11', os.arch: 'amd64', os.version: '10.0', java.version: '17.0.9'
Driver info: org.openqa.selenium.chrome.ChromeDriver
Command: [7d9d0ac8b069db8522bb820c0891bee1, clickElement {id=f.BFDBA98C49F86CB65F8CCEC8AFCE17FF.d.236C5EC3C098B33BA897583AF6ED9094.e.29}]
Capabilities {acceptInsecureCerts: false, browserName: chrome, browserVersion: 127.0.6533.120, chrome: {chromedriverVersion: 127.0.6533.119 (bdef6783a05..., userDataDir: C:\Users\BHUPESH\AppData\Lo...}, fedcm:accounts: true, goog:chromeOptions: {debuggerAddress: localhost:62907}, networkConnectionEnabled: false, pageLoadStrategy: normal, platformName: windows, proxy: Proxy(), se:cdp: ws://localhost:62907/devtoo..., se:cdpVersion: 127.0.6533.120, setWindowRect: true, strictFileInteractability: false, timeouts: {implicit: 0, pageLoad: 300000, script: 30000}, unhandledPromptBehavior: dismiss and notify, webauthn:extension:credBlob: true, webauthn:extension:largeBlob: true, webauthn:extension:minPinLength: true, webauthn:extension:prf: true, webauthn:virtualAuthenticators: true}
Element: [[ChromeDriver: chrome on windows (7d9d0ac8b069db8522bb820c0891bee1)] -> xpath: //img[@src="/img/logoicon.png"]]
Session ID: 7d9d0ac8b069db8522bb820c0891bee1
at org.openqa.selenium.remote.codec.w3c.W3CHttpResponseCodec.createException(W3CHttpResponseCodec.java:185)
at org.openqa.selenium.remote.codec.w3c.W3CHttpResponseCodec.decode(W3CHttpResponseCodec.java:134)
at org.openqa.selenium.remote.codec.w3c.W3CHttpResponseCodec.decode(W3CHttpResponseCodec.java:51)
at org.openqa.selenium.remote.HttpCommandExecutor.execute(HttpCommandExecutor.java:190)
at org.openqa.selenium.remote.service.DriverCommandExecutor.invokeExecute(DriverCommandExecutor.java:216)
at org.openqa.selenium.remote.service.DriverCommandExecutor.execute(DriverCommandExecutor.java:174)
at org.openqa.selenium.remote.RemoteWebDriver.execute(RemoteWebDriver.java:519)
at org.openqa.selenium.remote.RemoteWebElement.execute(RemoteWebElement.java:223)
at org.openqa.selenium.remote.RemoteWebElement.click(RemoteWebElement.java:76)
at org.openqa.selenium.support.pagefactory.internal.LocatingElementHandler.invoke(LocatingElementHandler.java:51)
at jdk.proxy2/jdk.proxy2.$Proxy14.click(Unknown Source)
at live_functions.D_homePage.backToHomePage(D_homePage.java:35)
at live_functions.A_testClass_dailyCheckPointList.backToHomePage(A_testClass_dailyCheckPointList.java:197)
at java.base/java.util.concurrent.FutureTask.run(FutureTask.java:264)
at java.base/java.util.concurrent.ThreadPoolExecutor.runWorker(ThreadPoolExecutor.java:1136)
at java.base/java.util.concurrent.ThreadPoolExecutor$Worker.run(ThreadPoolExecutor.java:635)
at java.base/java.lang.Thread.run(Thread.java:840)
... Removed 26 stack frames]]>
    </failure>
  </testcase> <!-- @BeforeMethod backToHomePage -->
  <testcase classname="live_functions.A_testClass_dailyCheckPointList" name="@BeforeMethod backToHomePage" time="3.411">
    <failure type="org.openqa.selenium.StaleElementReferenceException" message="stale element reference: stale element not found
  (Session info: chrome=127.0.6533.120)
For documentation on this error, please visit: https://www.selenium.dev/documentation/webdriver/troubleshooting/errors#stale-element-reference-exception
Build info: version: &amp;apos;4.17.0&amp;apos;, revision: &amp;apos;e52b1be057*&amp;apos;
System info: os.name: &amp;apos;Windows 11&amp;apos;, os.arch: &amp;apos;amd64&amp;apos;, os.version: &amp;apos;10.0&amp;apos;, java.version: &amp;apos;17.0.9&amp;apos;
Driver info: org.openqa.selenium.chrome.ChromeDriver
Command: [7d9d0ac8b069db8522bb820c0891bee1, clickElement {id=f.BFDBA98C49F86CB65F8CCEC8AFCE17FF.d.236C5EC3C098B33BA897583AF6ED9094.e.29}]
Capabilities {acceptInsecureCerts: false, browserName: chrome, browserVersion: 127.0.6533.120, chrome: {chromedriverVersion: 127.0.6533.119 (bdef6783a05..., userDataDir: C:\Users\BHUPESH\AppData\Lo...}, fedcm:accounts: true, goog:chromeOptions: {debuggerAddress: localhost:62907}, networkConnectionEnabled: false, pageLoadStrategy: normal, platformName: windows, proxy: Proxy(), se:cdp: ws://localhost:62907/devtoo..., se:cdpVersion: 127.0.6533.120, setWindowRect: true, strictFileInteractability: false, timeouts: {implicit: 0, pageLoad: 300000, script: 30000}, unhandledPromptBehavior: dismiss and notify, webauthn:extension:credBlob: true, webauthn:extension:largeBlob: true, webauthn:extension:minPinLength: true, webauthn:extension:prf: true, webauthn:virtualAuthenticators: true}
Element: [[ChromeDriver: chrome on windows (7d9d0ac8b069db8522bb820c0891bee1)] -&amp;gt; xpath: //img[@src=&amp;quot;/img/logoicon.png&amp;quot;]]
Session ID: 7d9d0ac8b069db8522bb820c0891bee1">
      <![CDATA[org.openqa.selenium.StaleElementReferenceException: stale element reference: stale element not found
  (Session info: chrome=127.0.6533.120)
For documentation on this error, please visit: https://www.selenium.dev/documentation/webdriver/troubleshooting/errors#stale-element-reference-exception
Build info: version: '4.17.0', revision: 'e52b1be057*'
System info: os.name: 'Windows 11', os.arch: 'amd64', os.version: '10.0', java.version: '17.0.9'
Driver info: org.openqa.selenium.chrome.ChromeDriver
Command: [7d9d0ac8b069db8522bb820c0891bee1, clickElement {id=f.BFDBA98C49F86CB65F8CCEC8AFCE17FF.d.236C5EC3C098B33BA897583AF6ED9094.e.29}]
Capabilities {acceptInsecureCerts: false, browserName: chrome, browserVersion: 127.0.6533.120, chrome: {chromedriverVersion: 127.0.6533.119 (bdef6783a05..., userDataDir: C:\Users\BHUPESH\AppData\Lo...}, fedcm:accounts: true, goog:chromeOptions: {debuggerAddress: localhost:62907}, networkConnectionEnabled: false, pageLoadStrategy: normal, platformName: windows, proxy: Proxy(), se:cdp: ws://localhost:62907/devtoo..., se:cdpVersion: 127.0.6533.120, setWindowRect: true, strictFileInteractability: false, timeouts: {implicit: 0, pageLoad: 300000, script: 30000}, unhandledPromptBehavior: dismiss and notify, webauthn:extension:credBlob: true, webauthn:extension:largeBlob: true, webauthn:extension:minPinLength: true, webauthn:extension:prf: true, webauthn:virtualAuthenticators: true}
Element: [[ChromeDriver: chrome on windows (7d9d0ac8b069db8522bb820c0891bee1)] -> xpath: //img[@src="/img/logoicon.png"]]
Session ID: 7d9d0ac8b069db8522bb820c0891bee1
at org.openqa.selenium.remote.codec.w3c.W3CHttpResponseCodec.createException(W3CHttpResponseCodec.java:185)
at org.openqa.selenium.remote.codec.w3c.W3CHttpResponseCodec.decode(W3CHttpResponseCodec.java:134)
at org.openqa.selenium.remote.codec.w3c.W3CHttpResponseCodec.decode(W3CHttpResponseCodec.java:51)
at org.openqa.selenium.remote.HttpCommandExecutor.execute(HttpCommandExecutor.java:190)
at org.openqa.selenium.remote.service.DriverCommandExecutor.invokeExecute(DriverCommandExecutor.java:216)
at org.openqa.selenium.remote.service.DriverCommandExecutor.execute(DriverCommandExecutor.java:174)
at org.openqa.selenium.remote.RemoteWebDriver.execute(RemoteWebDriver.java:519)
at org.openqa.selenium.remote.RemoteWebElement.execute(RemoteWebElement.java:223)
at org.openqa.selenium.remote.RemoteWebElement.click(RemoteWebElement.java:76)
at org.openqa.selenium.support.pagefactory.internal.LocatingElementHandler.invoke(LocatingElementHandler.java:51)
at jdk.proxy2/jdk.proxy2.$Proxy14.click(Unknown Source)
at live_functions.D_homePage.backToHomePage(D_homePage.java:35)
at live_functions.A_testClass_dailyCheckPointList.backToHomePage(A_testClass_dailyCheckPointList.java:197)
at java.base/java.util.concurrent.FutureTask.run(FutureTask.java:264)
at java.base/java.util.concurrent.ThreadPoolExecutor.runWorker(ThreadPoolExecutor.java:1136)
at java.base/java.util.concurrent.ThreadPoolExecutor$Worker.run(ThreadPoolExecutor.java:635)
at java.base/java.lang.Thread.run(Thread.java:840)
... Removed 26 stack frames]]>
    </failure>
  </testcase> <!-- @BeforeMethod backToHomePage -->
  <testcase classname="live_functions.A_testClass_dailyCheckPointList" name="@AfterMethod backToHomePage2" time="0.0">
    <skipped/>
  </testcase> <!-- @AfterMethod backToHomePage2 -->
  <testcase classname="live_functions.A_testClass_dailyCheckPointList" name="@BeforeMethod backToHomePage" time="0.0">
    <skipped/>
  </testcase> <!-- @BeforeMethod backToHomePage -->
  <testcase classname="live_functions.A_testClass_dailyCheckPointList" name="@AfterMethod backToHomePage2" time="0.0">
    <skipped/>
  </testcase> <!-- @AfterMethod backToHomePage2 -->
  <testcase classname="live_functions.A_testClass_dailyCheckPointList" name="@AfterMethod backToHomePage2" time="0.0">
    <skipped/>
  </testcase> <!-- @AfterMethod backToHomePage2 -->
  <testcase classname="live_functions.A_testClass_dailyCheckPointList" name="@BeforeMethod backToHomePage" time="0.0">
    <skipped/>
  </testcase> <!-- @BeforeMethod backToHomePage -->
  <testcase classname="live_functions.A_testClass_dailyCheckPointList" name="@AfterMethod backToHomePage2" time="0.0">
    <skipped/>
  </testcase> <!-- @AfterMethod backToHomePage2 -->
  <testcase classname="live_functions.A_testClass_dailyCheckPointList" name="@AfterMethod backToHomePage2" time="0.0">
    <skipped/>
  </testcase> <!-- @AfterMethod backToHomePage2 -->
  <testcase classname="live_functions.A_testClass_dailyCheckPointList" name="@BeforeMethod backToHomePage" time="0.0">
    <skipped/>
  </testcase> <!-- @BeforeMethod backToHomePage -->
  <testcase classname="live_functions.A_testClass_dailyCheckPointList" name="@BeforeMethod backToHomePage" time="0.0">
    <skipped/>
  </testcase> <!-- @BeforeMethod backToHomePage -->
  <testcase classname="live_functions.A_testClass_dailyCheckPointList" name="@BeforeMethod backToHomePage" time="0.0">
    <skipped/>
  </testcase> <!-- @BeforeMethod backToHomePage -->
  <testcase classname="live_functions.A_testClass_dailyCheckPointList" name="@AfterMethod backToHomePage2" time="0.0">
    <skipped/>
  </testcase> <!-- @AfterMethod backToHomePage2 -->
  <testcase classname="live_functions.A_testClass_dailyCheckPointList" name="@AfterMethod backToHomePage2" time="0.0">
    <skipped/>
  </testcase> <!-- @AfterMethod backToHomePage2 -->
  <testcase classname="live_functions.A_testClass_dailyCheckPointList" name="@AfterMethod backToHomePage2" time="0.0">
    <skipped/>
  </testcase> <!-- @AfterMethod backToHomePage2 -->
  <testcase classname="live_functions.A_testClass_dailyCheckPointList" name="@AfterMethod backToHomePage2" time="0.0">
    <skipped/>
  </testcase> <!-- @AfterMethod backToHomePage2 -->
  <testcase classname="live_functions.A_testClass_dailyCheckPointList" name="@AfterMethod backToHomePage2" time="0.0">
    <skipped/>
  </testcase> <!-- @AfterMethod backToHomePage2 -->
  <testcase classname="live_functions.A_testClass_dailyCheckPointList" name="@BeforeMethod backToHomePage" time="0.0">
    <skipped/>
  </testcase> <!-- @BeforeMethod backToHomePage -->
  <testcase classname="live_functions.A_testClass_dailyCheckPointList" name="@AfterMethod backToHomePage2" time="0.0">
    <skipped/>
  </testcase> <!-- @AfterMethod backToHomePage2 -->
  <testcase classname="live_functions.A_testClass_dailyCheckPointList" name="@BeforeMethod backToHomePage" time="0.0">
    <skipped/>
  </testcase> <!-- @BeforeMethod backToHomePage -->
  <testcase classname="live_functions.A_testClass_dailyCheckPointList" name="@AfterMethod backToHomePage2" time="0.0">
    <skipped/>
  </testcase> <!-- @AfterMethod backToHomePage2 -->
  <testcase classname="live_functions.A_testClass_dailyCheckPointList" name="@BeforeMethod backToHomePage" time="0.0">
    <skipped/>
  </testcase> <!-- @BeforeMethod backToHomePage -->
  <testcase classname="live_functions.A_testClass_dailyCheckPointList" name="@AfterMethod backToHomePage2" time="0.0">
    <skipped/>
  </testcase> <!-- @AfterMethod backToHomePage2 -->
  <testcase classname="live_functions.A_testClass_dailyCheckPointList" name="@BeforeMethod backToHomePage" time="0.0">
    <skipped/>
  </testcase> <!-- @BeforeMethod backToHomePage -->
  <testcase classname="live_functions.A_testClass_dailyCheckPointList" name="@AfterMethod backToHomePage2" time="0.0">
    <skipped/>
  </testcase> <!-- @AfterMethod backToHomePage2 -->
  <testcase classname="live_functions.A_testClass_dailyCheckPointList" name="@BeforeMethod backToHomePage" time="0.0">
    <skipped/>
  </testcase> <!-- @BeforeMethod backToHomePage -->
  <testcase classname="live_functions.A_testClass_dailyCheckPointList" name="@AfterMethod backToHomePage2" time="0.0">
    <skipped/>
  </testcase> <!-- @AfterMethod backToHomePage2 -->
  <testcase classname="live_functions.A_testClass_dailyCheckPointList" name="@BeforeMethod backToHomePage" time="0.0">
    <skipped/>
  </testcase> <!-- @BeforeMethod backToHomePage -->
  <testcase classname="live_functions.A_testClass_dailyCheckPointList" name="@AfterMethod backToHomePage2" time="0.0">
    <skipped/>
  </testcase> <!-- @AfterMethod backToHomePage2 -->
  <testcase classname="live_functions.A_testClass_dailyCheckPointList" name="@AfterClass logOut" time="0.0">
    <skipped/>
  </testcase> <!-- @AfterClass logOut -->
  <testcase classname="live_functions.A_testClass_dailyCheckPointList" name="CreateAttributeForDepartment" time="0.0">
    <skipped/>
  </testcase> <!-- CreateAttributeForDepartment -->
  <testcase classname="live_functions.A_testClass_dailyCheckPointList" name="CreateAttributeForDepartment" time="0.0">
    <skipped/>
  </testcase> <!-- CreateAttributeForDepartment -->
  <testcase classname="live_functions.A_testClass_dailyCheckPointList" name="CreateAttributeForDepartment" time="0.0">
    <skipped/>
  </testcase> <!-- CreateAttributeForDepartment -->
  <testcase classname="live_functions.A_testClass_dailyCheckPointList" name="CreateAttributeForDepartment" time="0.0">
    <skipped/>
  </testcase> <!-- CreateAttributeForDepartment -->
  <testcase classname="live_functions.A_testClass_dailyCheckPointList" name="CreateAttributeForDepartment" time="0.0">
    <skipped/>
  </testcase> <!-- CreateAttributeForDepartment -->
  <testcase classname="live_functions.A_testClass_dailyCheckPointList" name="CreateAttributeForDepartment" time="0.0">
    <skipped/>
  </testcase> <!-- CreateAttributeForDepartment -->
  <testcase classname="live_functions.A_testClass_dailyCheckPointList" name="CreateAttributeForDepartment" time="0.0">
    <skipped/>
  </testcase> <!-- CreateAttributeForDepartment -->
  <testcase classname="live_functions.A_testClass_dailyCheckPointList" name="CreateAttributeForDepartment" time="0.0">
    <skipped/>
  </testcase> <!-- CreateAttributeForDepartment -->
  <testcase classname="live_functions.A_testClass_dailyCheckPointList" name="CreateAttributeForDepartment" time="0.0">
    <skipped/>
  </testcase> <!-- CreateAttributeForDepartment -->
  <testcase classname="live_functions.A_testClass_dailyCheckPointList" name="CreateAttributeForDepartment" time="15.781"/>
  <testcase classname="live_functions.A_testClass_dailyCheckPointList" name="detailsAboutScript" time="0.0">
    <skipped/>
  </testcase> <!-- detailsAboutScript -->
  <testcase classname="live_functions.A_testClass_dailyCheckPointList" name="sendmessageToinfoEventUsers" time="0.0">
    <skipped/>
  </testcase> <!-- sendmessageToinfoEventUsers -->
  <testcase classname="live_functions.A_testClass_dailyCheckPointList" name="createAlamTemplate" time="0.0">
    <skipped/>
  </testcase> <!-- createAlamTemplate -->
  <testcase classname="live_functions.A_testClass_dailyCheckPointList" name="addEventCategory" time="0.0">
    <skipped/>
  </testcase> <!-- addEventCategory -->
  <testcase classname="live_functions.A_testClass_dailyCheckPointList" name="createResource" time="0.0">
    <skipped/>
  </testcase> <!-- createResource -->
  <testcase classname="live_functions.A_testClass_dailyCheckPointList" name="createAlamLoop" time="0.0">
    <skipped/>
  </testcase> <!-- createAlamLoop -->
  <testcase classname="live_functions.A_testClass_dailyCheckPointList" name="createManualAlarmByAttribute" time="0.0">
    <ignored/>
  </testcase> <!-- createManualAlarmByAttribute -->
  <testcase classname="live_functions.A_testClass_dailyCheckPointList" name="sendMessageChatGrouForStation06Users" time="0.0">
    <ignored/>
  </testcase> <!-- sendMessageChatGrouForStation06Users -->
  <testcase classname="live_functions.A_testClass_dailyCheckPointList" name="createAvailabilityRequestSendMultipleDays" time="0.0">
    <ignored/>
  </testcase> <!-- createAvailabilityRequestSendMultipleDays -->
  <testcase classname="live_functions.A_testClass_dailyCheckPointList" name="addVehicleUserForNewStation" time="0.0">
    <ignored/>
  </testcase> <!-- addVehicleUserForNewStation -->
  <testcase classname="live_functions.A_testClass_dailyCheckPointList" name="SendmessagetoARUsers" time="0.0">
    <ignored/>
  </testcase> <!-- SendmessagetoARUsers -->
  <testcase classname="live_functions.A_testClass_dailyCheckPointList" name="createInfoEventByAttribute" time="0.0">
    <ignored/>
  </testcase> <!-- createInfoEventByAttribute -->
  <testcase classname="live_functions.A_testClass_dailyCheckPointList" name="cretecalendarEventFirefighterSchedule" time="0.0">
    <ignored/>
  </testcase> <!-- cretecalendarEventFirefighterSchedule -->
  <testcase classname="live_functions.A_testClass_dailyCheckPointList" name="createAvailabilityRequestSendSchedule" time="0.0">
    <ignored/>
  </testcase> <!-- createAvailabilityRequestSendSchedule -->
  <testcase classname="live_functions.A_testClass_dailyCheckPointList" name="time" time="0.0">
    <ignored/>
  </testcase> <!-- time -->
  <testcase classname="live_functions.A_testClass_dailyCheckPointList" name="testAlarmByRecursiveMonthlyDayWise" time="0.0">
    <ignored/>
  </testcase> <!-- testAlarmByRecursiveMonthlyDayWise -->
  <testcase classname="live_functions.A_testClass_dailyCheckPointList" name="addFirefighterForNewStation" time="0.0">
    <ignored/>
  </testcase> <!-- addFirefighterForNewStation -->
  <testcase classname="live_functions.A_testClass_dailyCheckPointList" name="sendmessageToinfoUsers" time="0.0">
    <ignored/>
  </testcase> <!-- sendmessageToinfoUsers -->
  <testcase classname="live_functions.A_testClass_dailyCheckPointList" name="createChatGrouForNewStation" time="0.0">
    <ignored/>
  </testcase> <!-- createChatGrouForNewStation -->
  <testcase classname="live_functions.A_testClass_dailyCheckPointList" name="createLowPriorityManualAlarmByAttribute" time="0.0">
    <ignored/>
  </testcase> <!-- createLowPriorityManualAlarmByAttribute -->
  <testcase classname="live_functions.A_testClass_dailyCheckPointList" name="createTestAlarmByAttributeRecursiveMontlyDateWise" time="0.0">
    <ignored/>
  </testcase> <!-- createTestAlarmByAttributeRecursiveMontlyDateWise -->
  <testcase classname="live_functions.A_testClass_dailyCheckPointList" name="createAlarmCheckList" time="0.0">
    <ignored/>
  </testcase> <!-- createAlarmCheckList -->
  <testcase classname="live_functions.A_testClass_dailyCheckPointList" name="createTestAlarmByAttributeOneTime" time="0.0">
    <ignored/>
  </testcase> <!-- createTestAlarmByAttributeOneTime -->
  <testcase classname="live_functions.A_testClass_dailyCheckPointList" name="addResourceForNewStation" time="0.0">
    <ignored/>
  </testcase> <!-- addResourceForNewStation -->
  <testcase classname="live_functions.A_testClass_dailyCheckPointList" name="createInformationByFirefighter" time="0.0">
    <ignored/>
  </testcase> <!-- createInformationByFirefighter -->
  <testcase classname="live_functions.A_testClass_dailyCheckPointList" name="createChatGrouForStation06Users" time="0.0">
    <ignored/>
  </testcase> <!-- createChatGrouForStation06Users -->
  <testcase classname="live_functions.A_testClass_dailyCheckPointList" name="logInNewMonitorUser" time="0.0">
    <ignored/>
  </testcase> <!-- logInNewMonitorUser -->
  <testcase classname="live_functions.A_testClass_dailyCheckPointList" name="addNewStationUserForNewStation" time="0.0">
    <ignored/>
  </testcase> <!-- addNewStationUserForNewStation -->
  <testcase classname="live_functions.A_testClass_dailyCheckPointList" name="createInfoEventByResourceSchedule" time="0.0">
    <ignored/>
  </testcase> <!-- createInfoEventByResourceSchedule -->
  <testcase classname="live_functions.A_testClass_dailyCheckPointList" name="addFireStation" time="0.0">
    <ignored/>
  </testcase> <!-- addFireStation -->
  <testcase classname="live_functions.A_testClass_dailyCheckPointList" name="createInformationByResource" time="0.0">
    <ignored/>
  </testcase> <!-- createInformationByResource -->
  <testcase classname="live_functions.A_testClass_dailyCheckPointList" name="createNewStationMonitorUser" time="0.0">
    <ignored/>
  </testcase> <!-- createNewStationMonitorUser -->
  <testcase classname="live_functions.A_testClass_dailyCheckPointList" name="cretecalendarEventResourceSchedule" time="0.0">
    <ignored/>
  </testcase> <!-- cretecalendarEventResourceSchedule -->
  <testcase classname="live_functions.A_testClass_dailyCheckPointList" name="createInfoEventByAttributeSchedule" time="0.0">
    <ignored/>
  </testcase> <!-- createInfoEventByAttributeSchedule -->
  <testcase classname="live_functions.A_testClass_dailyCheckPointList" name="createTestAlarmByAttributeRecursiveWeekly" time="0.0">
    <ignored/>
  </testcase> <!-- createTestAlarmByAttributeRecursiveWeekly -->
  <testcase classname="live_functions.A_testClass_dailyCheckPointList" name="userDetails" time="0.0">
    <ignored/>
  </testcase> <!-- userDetails -->
  <testcase classname="live_functions.A_testClass_dailyCheckPointList" name="createAvailabilityRequestSendImmediat" time="0.0">
    <ignored/>
  </testcase> <!-- createAvailabilityRequestSendImmediat -->
  <testcase classname="live_functions.A_testClass_dailyCheckPointList" name="createManualAlarmByEscalationResource" time="0.0">
    <ignored/>
  </testcase> <!-- createManualAlarmByEscalationResource -->
  <testcase classname="live_functions.A_testClass_dailyCheckPointList" name="cretecalendarEventAttributeSchedule" time="0.0">
    <ignored/>
  </testcase> <!-- cretecalendarEventAttributeSchedule -->
  <testcase classname="live_functions.A_testClass_dailyCheckPointList" name="sendMessageChatGrouForNewStation" time="0.0">
    <ignored/>
  </testcase> <!-- sendMessageChatGrouForNewStation -->
  <testcase classname="live_functions.A_testClass_dailyCheckPointList" name="createManualAlarmByNewFireighterForNewStation" time="0.0">
    <ignored/>
  </testcase> <!-- createManualAlarmByNewFireighterForNewStation -->
  <testcase classname="live_functions.A_testClass_dailyCheckPointList" name="createManualAlarmByResource" time="0.0">
    <ignored/>
  </testcase> <!-- createManualAlarmByResource -->
  <testcase classname="live_functions.A_testClass_dailyCheckPointList" name="sendmessageToTestAlarmUsers" time="0.0">
    <ignored/>
  </testcase> <!-- sendmessageToTestAlarmUsers -->
  <testcase classname="live_functions.A_testClass_dailyCheckPointList" name="createManualAlarmByNewResourceForNewStation" time="0.0">
    <ignored/>
  </testcase> <!-- createManualAlarmByNewResourceForNewStation -->
  <testcase classname="live_functions.A_testClass_dailyCheckPointList" name="createTestAlarmByAttributeRecursivedaily" time="0.0">
    <ignored/>
  </testcase> <!-- createTestAlarmByAttributeRecursivedaily -->
  <testcase classname="live_functions.A_testClass_dailyCheckPointList" name="createInformationByAttribute" time="0.0">
    <ignored/>
  </testcase> <!-- createInformationByAttribute -->
  <testcase classname="live_functions.A_testClass_dailyCheckPointList" name="createInfoEventByResource" time="0.0">
    <ignored/>
  </testcase> <!-- createInfoEventByResource -->
  <testcase classname="live_functions.A_testClass_dailyCheckPointList" name="createStormAlarm" time="0.0">
    <ignored/>
  </testcase> <!-- createStormAlarm -->
  <testcase classname="live_functions.A_testClass_dailyCheckPointList" name="createMonitorInformation01" time="0.0">
    <ignored/>
  </testcase> <!-- createMonitorInformation01 -->
  <testcase classname="live_functions.A_testClass_dailyCheckPointList" name="createManualAlarmByFireFighte" time="0.0">
    <ignored/>
  </testcase> <!-- createManualAlarmByFireFighte -->
  <testcase classname="live_functions.A_testClass_dailyCheckPointList" name="createNormalCheckList" time="0.0">
    <ignored/>
  </testcase> <!-- createNormalCheckList -->
  <testcase classname="live_functions.A_testClass_dailyCheckPointList" name="extendAlarmToSecondStation" time="0.0">
    <ignored/>
  </testcase> <!-- extendAlarmToSecondStation -->
  <testcase classname="live_functions.A_testClass_dailyCheckPointList" name="addVehicleUser" time="0.0">
    <ignored/>
  </testcase> <!-- addVehicleUser -->
  <testcase classname="live_functions.A_testClass_dailyCheckPointList" name="createInfoEventByFighterSchedule" time="0.0">
    <ignored/>
  </testcase> <!-- createInfoEventByFighterSchedule -->
  <testcase classname="live_functions.A_testClass_dailyCheckPointList" name="createAvailabilityRequestSendRecursive" time="0.0">
    <ignored/>
  </testcase> <!-- createAvailabilityRequestSendRecursive -->
  <testcase classname="live_functions.A_testClass_dailyCheckPointList" name="createMonitorInformation02" time="0.0">
    <ignored/>
  </testcase> <!-- createMonitorInformation02 -->
  <testcase classname="live_functions.A_testClass_dailyCheckPointList" name="createPermissionGroupDefaultStation" time="0.0">
    <ignored/>
  </testcase> <!-- createPermissionGroupDefaultStation -->
  <testcase classname="live_functions.A_testClass_dailyCheckPointList" name="createInfoEventByFirefighter" time="0.0">
    <ignored/>
  </testcase> <!-- createInfoEventByFirefighter -->
  <testcase classname="live_functions.A_testClass_dailyCheckPointList" name="createManualAlarmByNewAttributeForNewStation" time="0.0">
    <ignored/>
  </testcase> <!-- createManualAlarmByNewAttributeForNewStation -->
  <testcase classname="live_functions.A_testClass_dailyCheckPointList" name="sendmessageToAlarmUser" time="0.0">
    <ignored/>
  </testcase> <!-- sendmessageToAlarmUser -->
</testsuite> <!-- Test(failed)(failed)(failed)(failed) -->
